CRITICAL - 2023-03-05 07:49:55 --> Undefined variable $activePage
in APPPATH\Views\partial\side_menu.php on line 21.
 1 APPPATH\Views\partial\side_menu.php(21): CodeIgniter\Debug\Exceptions->errorHandler(2, 'Undefined variable $activePage', 'APPPATH\\Views\\partial\\side_menu.php', 21)
 2 SYSTEMPATH\View\View.php(213): include('APPPATH\\Views\\partial\\side_menu.php')
 3 SYSTEMPATH\View\View.php(216): CodeIgniter\View\View->CodeIgniter\View\{closure}()
 4 SYSTEMPATH\View\View.php(431): CodeIgniter\View\View->render('partial/side_menu', null, true)
 5 APPPATH\Views\dashboard.php(3): CodeIgniter\View\View->include('partial/side_menu')
 6 SYSTEMPATH\View\View.php(213): include('APPPATH\\Views\\dashboard.php')
 7 SYSTEMPATH\View\View.php(216): CodeIgniter\View\View->CodeIgniter\View\{closure}()
 8 SYSTEMPATH\Common.php(1177): CodeIgniter\View\View->render('dashboard', [], true)
 9 APPPATH\Controllers\DashboardController.php(14): view('dashboard', [...])
10 SYSTEMPATH\CodeIgniter.php(934): App\Controllers\DashboardController->index()
11 SYSTEMPATH\CodeIgniter.php(499): CodeIgniter\CodeIgniter->runController(Object(App\Controllers\DashboardController))
12 SYSTEMPATH\CodeIgniter.php(368): CodeIgniter\CodeIgniter->handleRequest(null, Object(Config\Cache), false)
13 FCPATH\index.php(67): CodeIgniter\CodeIgniter->run()
14 SYSTEMPATH\Commands\Server\rewrite.php(47): require_once('FCPATH\\index.php')
INFO - 2023-03-05 07:51:30 --> Session: Class initialized using 'CodeIgniter\Session\Handlers\FileHandler' driver.
INFO - 2023-03-05 07:51:33 --> Session: Class initialized using 'CodeIgniter\Session\Handlers\FileHandler' driver.
INFO - 2023-03-05 07:51:35 --> Session: Class initialized using 'CodeIgniter\Session\Handlers\FileHandler' driver.
INFO - 2023-03-05 07:51:36 --> Session: Class initialized using 'CodeIgniter\Session\Handlers\FileHandler' driver.
INFO - 2023-03-05 07:51:42 --> Session: Class initialized using 'CodeIgniter\Session\Handlers\FileHandler' driver.
INFO - 2023-03-05 07:51:43 --> Session: Class initialized using 'CodeIgniter\Session\Handlers\FileHandler' driver.
INFO - 2023-03-05 07:51:47 --> Session: Class initialized using 'CodeIgniter\Session\Handlers\FileHandler' driver.
INFO - 2023-03-05 07:51:51 --> Session: Class initialized using 'CodeIgniter\Session\Handlers\FileHandler' driver.
INFO - 2023-03-05 07:51:56 --> Session: Class initialized using 'CodeIgniter\Session\Handlers\FileHandler' driver.
